  Test.cpp
C:\Users\VashaVindoV\Warehouse-System\packages\gtest.1.7.0\build\native\include\gtest\gtest-printers.h(497,46): error C4996: 'std::tr1': warning STL4002: The non-Standard std::tr1 namespace and TR1-only machinery are deprecated and will be REMOVED. You can define _SILENCE_TR1_NAMESPACE_DEPRECATION_WARNING to acknowledge that you have received this warning.
C:\Program Files (x86)\Microsoft Visual Studio\2019\Community\VC\Tools\MSVC\14.24.28314\include\tuple(989): message : zobacz deklarację „std::tr1”
C:\Users\VashaVindoV\Warehouse-System\packages\gtest.1.7.0\build\native\include\gtest\gtest-printers.h(502,66): error C4996: 'std::tr1': warning STL4002: The non-Standard std::tr1 namespace and TR1-only machinery are deprecated and will be REMOVED. You can define _SILENCE_TR1_NAMESPACE_DEPRECATION_WARNING to acknowledge that you have received this warning.
C:\Program Files (x86)\Microsoft Visual Studio\2019\Community\VC\Tools\MSVC\14.24.28314\include\tuple(989): message : zobacz deklarację „std::tr1”
C:\Users\VashaVindoV\Warehouse-System\packages\gtest.1.7.0\build\native\include\gtest\gtest-printers.h(507,70): error C4996: 'std::tr1': warning STL4002: The non-Standard std::tr1 namespace and TR1-only machinery are deprecated and will be REMOVED. You can define _SILENCE_TR1_NAMESPACE_DEPRECATION_WARNING to acknowledge that you have received this warning.
C:\Program Files (x86)\Microsoft Visual Studio\2019\Community\VC\Tools\MSVC\14.24.28314\include\tuple(989): message : zobacz deklarację „std::tr1”
C:\Users\VashaVindoV\Warehouse-System\packages\gtest.1.7.0\build\native\include\gtest\gtest-printers.h(512,74): error C4996: 'std::tr1': warning STL4002: The non-Standard std::tr1 namespace and TR1-only machinery are deprecated and will be REMOVED. You can define _SILENCE_TR1_NAMESPACE_DEPRECATION_WARNING to acknowledge that you have received this warning.
C:\Program Files (x86)\Microsoft Visual Studio\2019\Community\VC\Tools\MSVC\14.24.28314\include\tuple(989): message : zobacz deklarację „std::tr1”
C:\Users\VashaVindoV\Warehouse-System\packages\gtest.1.7.0\build\native\include\gtest\gtest-printers.h(517,78): error C4996: 'std::tr1': warning STL4002: The non-Standard std::tr1 namespace and TR1-only machinery are deprecated and will be REMOVED. You can define _SILENCE_TR1_NAMESPACE_DEPRECATION_WARNING to acknowledge that you have received this warning.
C:\Program Files (x86)\Microsoft Visual Studio\2019\Community\VC\Tools\MSVC\14.24.28314\include\tuple(989): message : zobacz deklarację „std::tr1”
C:\Users\VashaVindoV\Warehouse-System\packages\gtest.1.7.0\build\native\include\gtest\gtest-printers.h(522,34): error C4996: 'std::tr1': warning STL4002: The non-Standard std::tr1 namespace and TR1-only machinery are deprecated and will be REMOVED. You can define _SILENCE_TR1_NAMESPACE_DEPRECATION_WARNING to acknowledge that you have received this warning.
C:\Program Files (x86)\Microsoft Visual Studio\2019\Community\VC\Tools\MSVC\14.24.28314\include\tuple(989): message : zobacz deklarację „std::tr1”
C:\Users\VashaVindoV\Warehouse-System\packages\gtest.1.7.0\build\native\include\gtest\gtest-printers.h(529,34): error C4996: 'std::tr1': warning STL4002: The non-Standard std::tr1 namespace and TR1-only machinery are deprecated and will be REMOVED. You can define _SILENCE_TR1_NAMESPACE_DEPRECATION_WARNING to acknowledge that you have received this warning.
C:\Program Files (x86)\Microsoft Visual Studio\2019\Community\VC\Tools\MSVC\14.24.28314\include\tuple(989): message : zobacz deklarację „std::tr1”
C:\Users\VashaVindoV\Warehouse-System\packages\gtest.1.7.0\build\native\include\gtest\gtest-printers.h(536,34): error C4996: 'std::tr1': warning STL4002: The non-Standard std::tr1 namespace and TR1-only machinery are deprecated and will be REMOVED. You can define _SILENCE_TR1_NAMESPACE_DEPRECATION_WARNING to acknowledge that you have received this warning.
C:\Program Files (x86)\Microsoft Visual Studio\2019\Community\VC\Tools\MSVC\14.24.28314\include\tuple(989): message : zobacz deklarację „std::tr1”
C:\Users\VashaVindoV\Warehouse-System\packages\gtest.1.7.0\build\native\include\gtest\gtest-printers.h(543,34): error C4996: 'std::tr1': warning STL4002: The non-Standard std::tr1 namespace and TR1-only machinery are deprecated and will be REMOVED. You can define _SILENCE_TR1_NAMESPACE_DEPRECATION_WARNING to acknowledge that you have received this warning.
C:\Program Files (x86)\Microsoft Visual Studio\2019\Community\VC\Tools\MSVC\14.24.28314\include\tuple(989): message : zobacz deklarację „std::tr1”
C:\Users\VashaVindoV\Warehouse-System\packages\gtest.1.7.0\build\native\include\gtest\gtest-printers.h(550,34): error C4996: 'std::tr1': warning STL4002: The non-Standard std::tr1 namespace and TR1-only machinery are deprecated and will be REMOVED. You can define _SILENCE_TR1_NAMESPACE_DEPRECATION_WARNING to acknowledge that you have received this warning.
C:\Program Files (x86)\Microsoft Visual Studio\2019\Community\VC\Tools\MSVC\14.24.28314\include\tuple(989): message : zobacz deklarację „std::tr1”
C:\Users\VashaVindoV\Warehouse-System\packages\gtest.1.7.0\build\native\include\gtest\gtest-printers.h(558,1): error C4996: 'std::tr1': warning STL4002: The non-Standard std::tr1 namespace and TR1-only machinery are deprecated and will be REMOVED. You can define _SILENCE_TR1_NAMESPACE_DEPRECATION_WARNING to acknowledge that you have received this warning.
C:\Program Files (x86)\Microsoft Visual Studio\2019\Community\VC\Tools\MSVC\14.24.28314\include\tuple(989): message : zobacz deklarację „std::tr1”
C:\Users\VashaVindoV\Warehouse-System\packages\gtest.1.7.0\build\native\include\gtest\gtest-printers.h(820,1): error C4996: 'std::tr1': warning STL4002: The non-Standard std::tr1 namespace and TR1-only machinery are deprecated and will be REMOVED. You can define _SILENCE_TR1_NAMESPACE_DEPRECATION_WARNING to acknowledge that you have received this warning.
C:\Program Files (x86)\Microsoft Visual Studio\2019\Community\VC\Tools\MSVC\14.24.28314\include\tuple(989): message : zobacz deklarację „std::tr1”
C:\Users\VashaVindoV\Warehouse-System\packages\gtest.1.7.0\build\native\include\gtest\gtest-printers.h(820,1): message : Diagnostyka wystąpiła w funkcji wygenerowanej przez kompilator "void testing::internal::TuplePrefixPrinter<1>::TersePrintPrefixToStrings(const Tuple &,testing::internal::Strings *)"
C:\Users\VashaVindoV\Warehouse-System\packages\gtest.1.7.0\build\native\include\gtest\internal\gtest-param-util-generated.h(3160,2): error C4996: 'std::tr1': warning STL4002: The non-Standard std::tr1 namespace and TR1-only machinery are deprecated and will be REMOVED. You can define _SILENCE_TR1_NAMESPACE_DEPRECATION_WARNING to acknowledge that you have received this warning.
C:\Program Files (x86)\Microsoft Visual Studio\2019\Community\VC\Tools\MSVC\14.24.28314\include\tuple(989): message : zobacz deklarację „std::tr1”
C:\Users\VashaVindoV\Warehouse-System\packages\gtest.1.7.0\build\native\include\gtest\internal\gtest-param-util-generated.h(3270): message : zobacz odwołanie do kompilowanego tworzenia wystąpienia „testing::internal::CartesianProductGenerator2<T1,T2>” klasy klasa szablon
C:\Users\VashaVindoV\Warehouse-System\packages\gtest.1.7.0\build\native\include\gtest\internal\gtest-param-util-generated.h(3162,1): error C4996: 'std::tr1': warning STL4002: The non-Standard std::tr1 namespace and TR1-only machinery are deprecated and will be REMOVED. You can define _SILENCE_TR1_NAMESPACE_DEPRECATION_WARNING to acknowledge that you have received this warning.
C:\Program Files (x86)\Microsoft Visual Studio\2019\Community\VC\Tools\MSVC\14.24.28314\include\tuple(989): message : zobacz deklarację „std::tr1”
C:\Users\VashaVindoV\Warehouse-System\packages\gtest.1.7.0\build\native\include\gtest\internal\gtest-param-util-generated.h(3275,2): error C4996: 'std::tr1': warning STL4002: The non-Standard std::tr1 namespace and TR1-only machinery are deprecated and will be REMOVED. You can define _SILENCE_TR1_NAMESPACE_DEPRECATION_WARNING to acknowledge that you have received this warning.
C:\Program Files (x86)\Microsoft Visual Studio\2019\Community\VC\Tools\MSVC\14.24.28314\include\tuple(989): message : zobacz deklarację „std::tr1”
C:\Users\VashaVindoV\Warehouse-System\packages\gtest.1.7.0\build\native\include\gtest\internal\gtest-param-util-generated.h(3402): message : zobacz odwołanie do kompilowanego tworzenia wystąpienia „testing::internal::CartesianProductGenerator3<T1,T2,T3>” klasy klasa szablon
C:\Users\VashaVindoV\Warehouse-System\packages\gtest.1.7.0\build\native\include\gtest\internal\gtest-param-util-generated.h(3277,1): error C4996: 'std::tr1': warning STL4002: The non-Standard std::tr1 namespace and TR1-only machinery are deprecated and will be REMOVED. You can define _SILENCE_TR1_NAMESPACE_DEPRECATION_WARNING to acknowledge that you have received this warning.
C:\Program Files (x86)\Microsoft Visual Studio\2019\Community\VC\Tools\MSVC\14.24.28314\include\tuple(989): message : zobacz deklarację „std::tr1”
C:\Users\VashaVindoV\Warehouse-System\packages\gtest.1.7.0\build\native\include\gtest\internal\gtest-param-util-generated.h(3407,2): error C4996: 'std::tr1': warning STL4002: The non-Standard std::tr1 namespace and TR1-only machinery are deprecated and will be REMOVED. You can define _SILENCE_TR1_NAMESPACE_DEPRECATION_WARNING to acknowledge that you have received this warning.
C:\Program Files (x86)\Microsoft Visual Studio\2019\Community\VC\Tools\MSVC\14.24.28314\include\tuple(989): message : zobacz deklarację „std::tr1”
C:\Users\VashaVindoV\Warehouse-System\packages\gtest.1.7.0\build\native\include\gtest\internal\gtest-param-util-generated.h(3553): message : zobacz odwołanie do kompilowanego tworzenia wystąpienia „testing::internal::CartesianProductGenerator4<T1,T2,T3,T4>” klasy klasa szablon
C:\Users\VashaVindoV\Warehouse-System\packages\gtest.1.7.0\build\native\include\gtest\internal\gtest-param-util-generated.h(3409,1): error C4996: 'std::tr1': warning STL4002: The non-Standard std::tr1 namespace and TR1-only machinery are deprecated and will be REMOVED. You can define _SILENCE_TR1_NAMESPACE_DEPRECATION_WARNING to acknowledge that you have received this warning.
C:\Program Files (x86)\Microsoft Visual Studio\2019\Community\VC\Tools\MSVC\14.24.28314\include\tuple(989): message : zobacz deklarację „std::tr1”
C:\Users\VashaVindoV\Warehouse-System\packages\gtest.1.7.0\build\native\include\gtest\internal\gtest-param-util-generated.h(3558,2): error C4996: 'std::tr1': warning STL4002: The non-Standard std::tr1 namespace and TR1-only machinery are deprecated and will be REMOVED. You can define _SILENCE_TR1_NAMESPACE_DEPRECATION_WARNING to acknowledge that you have received this warning.
C:\Program Files (x86)\Microsoft Visual Studio\2019\Community\VC\Tools\MSVC\14.24.28314\include\tuple(989): message : zobacz deklarację „std::tr1”
C:\Users\VashaVindoV\Warehouse-System\packages\gtest.1.7.0\build\native\include\gtest\internal\gtest-param-util-generated.h(3720): message : zobacz odwołanie do kompilowanego tworzenia wystąpienia „testing::internal::CartesianProductGenerator5<T1,T2,T3,T4,T5>” klasy klasa szablon
C:\Users\VashaVindoV\Warehouse-System\packages\gtest.1.7.0\build\native\include\gtest\internal\gtest-param-util-generated.h(3560,1): error C4996: 'std::tr1': warning STL4002: The non-Standard std::tr1 namespace and TR1-only machinery are deprecated and will be REMOVED. You can define _SILENCE_TR1_NAMESPACE_DEPRECATION_WARNING to acknowledge that you have received this warning.
C:\Program Files (x86)\Microsoft Visual Studio\2019\Community\VC\Tools\MSVC\14.24.28314\include\tuple(989): message : zobacz deklarację „std::tr1”
C:\Users\VashaVindoV\Warehouse-System\packages\gtest.1.7.0\build\native\include\gtest\internal\gtest-param-util-generated.h(3727,1): error C4996: 'std::tr1': warning STL4002: The non-Standard std::tr1 namespace and TR1-only machinery are deprecated and will be REMOVED. You can define _SILENCE_TR1_NAMESPACE_DEPRECATION_WARNING to acknowledge that you have received this warning.
C:\Program Files (x86)\Microsoft Visual Studio\2019\Community\VC\Tools\MSVC\14.24.28314\include\tuple(989): message : zobacz deklarację „std::tr1”
C:\Users\VashaVindoV\Warehouse-System\packages\gtest.1.7.0\build\native\include\gtest\internal\gtest-param-util-generated.h(3906): message : zobacz odwołanie do kompilowanego tworzenia wystąpienia „testing::internal::CartesianProductGenerator6<T1,T2,T3,T4,T5,T6>” klasy klasa szablon
C:\Users\VashaVindoV\Warehouse-System\packages\gtest.1.7.0\build\native\include\gtest\internal\gtest-param-util-generated.h(3729,1): error C4996: 'std::tr1': warning STL4002: The non-Standard std::tr1 namespace and TR1-only machinery are deprecated and will be REMOVED. You can define _SILENCE_TR1_NAMESPACE_DEPRECATION_WARNING to acknowledge that you have received this warning.
C:\Program Files (x86)\Microsoft Visual Studio\2019\Community\VC\Tools\MSVC\14.24.28314\include\tuple(989): message : zobacz deklarację „std::tr1”
C:\Users\VashaVindoV\Warehouse-System\packages\gtest.1.7.0\build\native\include\gtest\internal\gtest-param-util-generated.h(3913,1): error C4996: 'std::tr1': warning STL4002: The non-Standard std::tr1 namespace and TR1-only machinery are deprecated and will be REMOVED. You can define _SILENCE_TR1_NAMESPACE_DEPRECATION_WARNING to acknowledge that you have received this warning.
C:\Program Files (x86)\Microsoft Visual Studio\2019\Community\VC\Tools\MSVC\14.24.28314\include\tuple(989): message : zobacz deklarację „std::tr1”
C:\Users\VashaVindoV\Warehouse-System\packages\gtest.1.7.0\build\native\include\gtest\internal\gtest-param-util-generated.h(4109): message : zobacz odwołanie do kompilowanego tworzenia wystąpienia „testing::internal::CartesianProductGenerator7<T1,T2,T3,T4,T5,T6,T7>” klasy klasa szablon
C:\Users\VashaVindoV\Warehouse-System\packages\gtest.1.7.0\build\native\include\gtest\internal\gtest-param-util-generated.h(3915,1): error C4996: 'std::tr1': warning STL4002: The non-Standard std::tr1 namespace and TR1-only machinery are deprecated and will be REMOVED. You can define _SILENCE_TR1_NAMESPACE_DEPRECATION_WARNING to acknowledge that you have received this warning.
C:\Program Files (x86)\Microsoft Visual Studio\2019\Community\VC\Tools\MSVC\14.24.28314\include\tuple(989): message : zobacz deklarację „std::tr1”
C:\Users\VashaVindoV\Warehouse-System\packages\gtest.1.7.0\build\native\include\gtest\internal\gtest-param-util-generated.h(4116,1): error C4996: 'std::tr1': warning STL4002: The non-Standard std::tr1 namespace and TR1-only machinery are deprecated and will be REMOVED. You can define _SILENCE_TR1_NAMESPACE_DEPRECATION_WARNING to acknowledge that you have received this warning.
C:\Program Files (x86)\Microsoft Visual Studio\2019\Community\VC\Tools\MSVC\14.24.28314\include\tuple(989): message : zobacz deklarację „std::tr1”
C:\Users\VashaVindoV\Warehouse-System\packages\gtest.1.7.0\build\native\include\gtest\internal\gtest-param-util-generated.h(4331): message : zobacz odwołanie do kompilowanego tworzenia wystąpienia „testing::internal::CartesianProductGenerator8<T1,T2,T3,T4,T5,T6,T7,T8>” klasy klasa szablon
C:\Users\VashaVindoV\Warehouse-System\packages\gtest.1.7.0\build\native\include\gtest\internal\gtest-param-util-generated.h(4118,1): error C4996: 'std::tr1': warning STL4002: The non-Standard std::tr1 namespace and TR1-only machinery are deprecated and will be REMOVED. You can define _SILENCE_TR1_NAMESPACE_DEPRECATION_WARNING to acknowledge that you have received this warning.
C:\Program Files (x86)\Microsoft Visual Studio\2019\Community\VC\Tools\MSVC\14.24.28314\include\tuple(989): message : zobacz deklarację „std::tr1”
C:\Users\VashaVindoV\Warehouse-System\packages\gtest.1.7.0\build\native\include\gtest\internal\gtest-param-util-generated.h(4338,1): error C4996: 'std::tr1': warning STL4002: The non-Standard std::tr1 namespace and TR1-only machinery are deprecated and will be REMOVED. You can define _SILENCE_TR1_NAMESPACE_DEPRECATION_WARNING to acknowledge that you have received this warning.
C:\Program Files (x86)\Microsoft Visual Studio\2019\Community\VC\Tools\MSVC\14.24.28314\include\tuple(989): message : zobacz deklarację „std::tr1”
C:\Users\VashaVindoV\Warehouse-System\packages\gtest.1.7.0\build\native\include\gtest\internal\gtest-param-util-generated.h(4570): message : zobacz odwołanie do kompilowanego tworzenia wystąpienia „testing::internal::CartesianProductGenerator9<T1,T2,T3,T4,T5,T6,T7,T8,T9>” klasy klasa szablon
C:\Users\VashaVindoV\Warehouse-System\packages\gtest.1.7.0\build\native\include\gtest\internal\gtest-param-util-generated.h(4340,1): error C4996: 'std::tr1': warning STL4002: The non-Standard std::tr1 namespace and TR1-only machinery are deprecated and will be REMOVED. You can define _SILENCE_TR1_NAMESPACE_DEPRECATION_WARNING to acknowledge that you have received this warning.
C:\Program Files (x86)\Microsoft Visual Studio\2019\Community\VC\Tools\MSVC\14.24.28314\include\tuple(989): message : zobacz deklarację „std::tr1”
C:\Users\VashaVindoV\Warehouse-System\packages\gtest.1.7.0\build\native\include\gtest\internal\gtest-param-util-generated.h(4577,1): error C4996: 'std::tr1': warning STL4002: The non-Standard std::tr1 namespace and TR1-only machinery are deprecated and will be REMOVED. You can define _SILENCE_TR1_NAMESPACE_DEPRECATION_WARNING to acknowledge that you have received this warning.
C:\Program Files (x86)\Microsoft Visual Studio\2019\Community\VC\Tools\MSVC\14.24.28314\include\tuple(989): message : zobacz deklarację „std::tr1”
C:\Users\VashaVindoV\Warehouse-System\packages\gtest.1.7.0\build\native\include\gtest\internal\gtest-param-util-generated.h(4826): message : zobacz odwołanie do kompilowanego tworzenia wystąpienia „testing::internal::CartesianProductGenerator10<T1,T2,T3,T4,T5,T6,T7,T8,T9,T10>” klasy klasa szablon
C:\Users\VashaVindoV\Warehouse-System\packages\gtest.1.7.0\build\native\include\gtest\internal\gtest-param-util-generated.h(4579,1): error C4996: 'std::tr1': warning STL4002: The non-Standard std::tr1 namespace and TR1-only machinery are deprecated and will be REMOVED. You can define _SILENCE_TR1_NAMESPACE_DEPRECATION_WARNING to acknowledge that you have received this warning.
C:\Program Files (x86)\Microsoft Visual Studio\2019\Community\VC\Tools\MSVC\14.24.28314\include\tuple(989): message : zobacz deklarację „std::tr1”
C:\Users\VashaVindoV\Warehouse-System\packages\gtest.1.7.0\build\native\include\gtest\internal\gtest-param-util-generated.h(4841,1): error C4996: 'std::tr1': warning STL4002: The non-Standard std::tr1 namespace and TR1-only machinery are deprecated and will be REMOVED. You can define _SILENCE_TR1_NAMESPACE_DEPRECATION_WARNING to acknowledge that you have received this warning.
C:\Program Files (x86)\Microsoft Visual Studio\2019\Community\VC\Tools\MSVC\14.24.28314\include\tuple(989): message : zobacz deklarację „std::tr1”
C:\Users\VashaVindoV\Warehouse-System\packages\gtest.1.7.0\build\native\include\gtest\internal\gtest-param-util-generated.h(4854): message : zobacz odwołanie do kompilowanego tworzenia wystąpienia „testing::internal::CartesianProductHolder2<Generator1,Generator2>” klasy klasa szablon
C:\Users\VashaVindoV\Warehouse-System\packages\gtest.1.7.0\build\native\include\gtest\internal\gtest-param-util-generated.h(4863,1): error C4996: 'std::tr1': warning STL4002: The non-Standard std::tr1 namespace and TR1-only machinery are deprecated and will be REMOVED. You can define _SILENCE_TR1_NAMESPACE_DEPRECATION_WARNING to acknowledge that you have received this warning.
C:\Program Files (x86)\Microsoft Visual Studio\2019\Community\VC\Tools\MSVC\14.24.28314\include\tuple(989): message : zobacz deklarację „std::tr1”
C:\Users\VashaVindoV\Warehouse-System\packages\gtest.1.7.0\build\native\include\gtest\internal\gtest-param-util-generated.h(4878): message : zobacz odwołanie do kompilowanego tworzenia wystąpienia „testing::internal::CartesianProductHolder3<Generator1,Generator2,Generator3>” klasy klasa szablon
C:\Users\VashaVindoV\Warehouse-System\packages\gtest.1.7.0\build\native\include\gtest\internal\gtest-param-util-generated.h(4888,1): error C4996: 'std::tr1': warning STL4002: The non-Standard std::tr1 namespace and TR1-only machinery are deprecated and will be REMOVED. You can define _SILENCE_TR1_NAMESPACE_DEPRECATION_WARNING to acknowledge that you have received this warning.
C:\Program Files (x86)\Microsoft Visual Studio\2019\Community\VC\Tools\MSVC\14.24.28314\include\tuple(989): message : zobacz deklarację „std::tr1”
C:\Users\VashaVindoV\Warehouse-System\packages\gtest.1.7.0\build\native\include\gtest\internal\gtest-param-util-generated.h(4905): message : zobacz odwołanie do kompilowanego tworzenia wystąpienia „testing::internal::CartesianProductHolder4<Generator1,Generator2,Generator3,Generator4>” klasy klasa szablon
C:\Users\VashaVindoV\Warehouse-System\packages\gtest.1.7.0\build\native\include\gtest\internal\gtest-param-util-generated.h(4915,1): error C4996: 'std::tr1': warning STL4002: The non-Standard std::tr1 namespace and TR1-only machinery are deprecated and will be REMOVED. You can define _SILENCE_TR1_NAMESPACE_DEPRECATION_WARNING to acknowledge that you have received this warning.
C:\Program Files (x86)\Microsoft Visual Studio\2019\Community\VC\Tools\MSVC\14.24.28314\include\tuple(989): message : zobacz deklarację „std::tr1”
C:\Users\VashaVindoV\Warehouse-System\packages\gtest.1.7.0\build\native\include\gtest\internal\gtest-param-util-generated.h(4934): message : zobacz odwołanie do kompilowanego tworzenia wystąpienia „testing::internal::CartesianProductHolder5<Generator1,Generator2,Generator3,Generator4,Generator5>” klasy klasa szablon
C:\Users\VashaVindoV\Warehouse-System\packages\gtest.1.7.0\build\native\include\gtest\internal\gtest-param-util-generated.h(4946,1): error C4996: 'std::tr1': warning STL4002: The non-Standard std::tr1 namespace and TR1-only machinery are deprecated and will be REMOVED. You can define _SILENCE_TR1_NAMESPACE_DEPRECATION_WARNING to acknowledge that you have received this warning.
C:\Program Files (x86)\Microsoft Visual Studio\2019\Community\VC\Tools\MSVC\14.24.28314\include\tuple(989): message : zobacz deklarację „std::tr1”
C:\Users\VashaVindoV\Warehouse-System\packages\gtest.1.7.0\build\native\include\gtest\internal\gtest-param-util-generated.h(4967): message : zobacz odwołanie do kompilowanego tworzenia wystąpienia „testing::internal::CartesianProductHolder6<Generator1,Generator2,Generator3,Generator4,Generator5,Generator6>” klasy klasa szablon
C:\Users\VashaVindoV\Warehouse-System\packages\gtest.1.7.0\build\native\include\gtest\internal\gtest-param-util-generated.h(4980,1): error C4996: 'std::tr1': warning STL4002: The non-Standard std::tr1 namespace and TR1-only machinery are deprecated and will be REMOVED. You can define _SILENCE_TR1_NAMESPACE_DEPRECATION_WARNING to acknowledge that you have received this warning.
C:\Program Files (x86)\Microsoft Visual Studio\2019\Community\VC\Tools\MSVC\14.24.28314\include\tuple(989): message : zobacz deklarację „std::tr1”
C:\Users\VashaVindoV\Warehouse-System\packages\gtest.1.7.0\build\native\include\gtest\internal\gtest-param-util-generated.h(5003): message : zobacz odwołanie do kompilowanego tworzenia wystąpienia „testing::internal::CartesianProductHolder7<Generator1,Generator2,Generator3,Generator4,Generator5,Generator6,Generator7>” klasy klasa szablon
C:\Users\VashaVindoV\Warehouse-System\packages\gtest.1.7.0\build\native\include\gtest\internal\gtest-param-util-generated.h(5018,1): error C4996: 'std::tr1': warning STL4002: The non-Standard std::tr1 namespace and TR1-only machinery are deprecated and will be REMOVED. You can define _SILENCE_TR1_NAMESPACE_DEPRECATION_WARNING to acknowledge that you have received this warning.
C:\Program Files (x86)\Microsoft Visual Studio\2019\Community\VC\Tools\MSVC\14.24.28314\include\tuple(989): message : zobacz deklarację „std::tr1”
C:\Users\VashaVindoV\Warehouse-System\packages\gtest.1.7.0\build\native\include\gtest\internal\gtest-param-util-generated.h(5043): message : zobacz odwołanie do kompilowanego tworzenia wystąpienia „testing::internal::CartesianProductHolder8<Generator1,Generator2,Generator3,Generator4,Generator5,Generator6,Generator7,Generator8>” klasy klasa szablon
C:\Users\VashaVindoV\Warehouse-System\packages\gtest.1.7.0\build\native\include\gtest\internal\gtest-param-util-generated.h(5059,1): error C4996: 'std::tr1': warning STL4002: The non-Standard std::tr1 namespace and TR1-only machinery are deprecated and will be REMOVED. You can define _SILENCE_TR1_NAMESPACE_DEPRECATION_WARNING to acknowledge that you have received this warning.
C:\Program Files (x86)\Microsoft Visual Studio\2019\Community\VC\Tools\MSVC\14.24.28314\include\tuple(989): message : zobacz deklarację „std::tr1”
C:\Users\VashaVindoV\Warehouse-System\packages\gtest.1.7.0\build\native\include\gtest\internal\gtest-param-util-generated.h(5087): message : zobacz odwołanie do kompilowanego tworzenia wystąpienia „testing::internal::CartesianProductHolder9<Generator1,Generator2,Generator3,Generator4,Generator5,Generator6,Generator7,Generator8,Generator9>” klasy klasa szablon
C:\Users\VashaVindoV\Warehouse-System\packages\gtest.1.7.0\build\native\include\gtest\internal\gtest-param-util-generated.h(5103,1): error C4996: 'std::tr1': warning STL4002: The non-Standard std::tr1 namespace and TR1-only machinery are deprecated and will be REMOVED. You can define _SILENCE_TR1_NAMESPACE_DEPRECATION_WARNING to acknowledge that you have received this warning.
C:\Program Files (x86)\Microsoft Visual Studio\2019\Community\VC\Tools\MSVC\14.24.28314\include\tuple(989): message : zobacz deklarację „std::tr1”
C:\Users\VashaVindoV\Warehouse-System\packages\gtest.1.7.0\build\native\include\gtest\internal\gtest-param-util-generated.h(5134): message : zobacz odwołanie do kompilowanego tworzenia wystąpienia „testing::internal::CartesianProductHolder10<Generator1,Generator2,Generator3,Generator4,Generator5,Generator6,Generator7,Generator8,Generator9,Generator10>” klasy klasa szablon
C:\Users\VashaVindoV\Warehouse-System\packages\gtest.1.7.0\build\native\include\gtest\gtest-printers.h(827,1): error C4996: 'std::tr1': warning STL4002: The non-Standard std::tr1 namespace and TR1-only machinery are deprecated and will be REMOVED. You can define _SILENCE_TR1_NAMESPACE_DEPRECATION_WARNING to acknowledge that you have received this warning.
C:\Program Files (x86)\Microsoft Visual Studio\2019\Community\VC\Tools\MSVC\14.24.28314\include\tuple(989): message : zobacz deklarację „std::tr1”
C:\Users\VashaVindoV\Warehouse-System\packages\gtest.1.7.0\build\native\include\gtest\gtest-printers.h(498): message : zobacz odwołanie do kompilowanego tworzenia wystąpienia „void testing::internal::PrintTupleTo<std::tuple<>>(const T &,std::ostream *)” funkcji szablon
          with
          [
              T=std::tuple<>
          ]
