  Database.cpp
  Driver.cpp
  OrderCreationInteface.cpp
C:\Users\admin\Warehouse-System\WarehouseSystem\OrderCreationInteface.h(8,24): error C3646: "temporally_order": nieznany specyfikator przesłonięcia
C:\Users\admin\Warehouse-System\WarehouseSystem\OrderCreationInteface.h(8,24): error C4430: brak specyfikatora typu - założono, że int. Uwaga: C++ nie obsługuje domyślnie typu int
C:\Users\admin\Warehouse-System\WarehouseSystem\OrderCreationInteface.h(11,19): error C3646: "createOrder": nieznany specyfikator przesłonięcia
C:\Users\admin\Warehouse-System\WarehouseSystem\OrderCreationInteface.h(11,19): error C2059: błąd składniowy: „(”
C:\Users\admin\Warehouse-System\WarehouseSystem\OrderCreationInteface.h(11,32): error C2238: nieoczekiwany(e) token(y) poprzedzający(e) ";"
C:\Users\admin\Warehouse-System\WarehouseSystem\OrderCreationInteface.h(14,17): error C3646: "sendOrder": nieznany specyfikator przesłonięcia
C:\Users\admin\Warehouse-System\WarehouseSystem\OrderCreationInteface.h(14,17): error C2059: błąd składniowy: „(”
C:\Users\admin\Warehouse-System\WarehouseSystem\OrderCreationInteface.h(14,30): error C2238: nieoczekiwany(e) token(y) poprzedzający(e) ";"
C:\Users\admin\Warehouse-System\WarehouseSystem\OrderCreationInteface.cpp(6,30): error C2039: „createOrder”: Nie jest składową „OrderCreationInteface”
C:\Users\admin\Warehouse-System\WarehouseSystem\OrderCreationInteface.h(5): message : zobacz deklarację „OrderCreationInteface”
C:\Users\admin\Warehouse-System\WarehouseSystem\OrderCreationInteface.cpp(11,32): error C2039: „addProduct”: Nie jest składową „OrderCreationInteface”
C:\Users\admin\Warehouse-System\WarehouseSystem\OrderCreationInteface.h(5): message : zobacz deklarację „OrderCreationInteface”
C:\Users\admin\Warehouse-System\WarehouseSystem\OrderCreationInteface.cpp(16,30): error C2039: „sendOrder”: Nie jest składową „OrderCreationInteface”
C:\Users\admin\Warehouse-System\WarehouseSystem\OrderCreationInteface.h(5): message : zobacz deklarację „OrderCreationInteface”
  Seller.cpp
C:\Users\admin\Warehouse-System\WarehouseSystem\Seller.h(10,16): warning C4584: „Seller”: klasa bazowa „Database” jest już klasą bazową „Employee”
C:\Users\admin\Warehouse-System\WarehouseSystem\Database.h(9): message : zobacz deklarację „Database”
C:\Users\admin\Warehouse-System\WarehouseSystem\Employee.h(10): message : zobacz deklarację „Employee”
C:\Users\admin\Warehouse-System\WarehouseSystem\Seller.h(16,17): error C3646: "receipt": nieznany specyfikator przesłonięcia
C:\Users\admin\Warehouse-System\WarehouseSystem\Seller.h(16,17): error C4430: brak specyfikatora typu - założono, że int. Uwaga: C++ nie obsługuje domyślnie typu int
C:\Users\admin\Warehouse-System\WarehouseSystem\Seller.h(21,21): error C3646: "sendReceipt": nieznany specyfikator przesłonięcia
C:\Users\admin\Warehouse-System\WarehouseSystem\Seller.h(21,21): error C2059: błąd składniowy: „(”
C:\Users\admin\Warehouse-System\WarehouseSystem\Seller.h(21,39): error C2238: nieoczekiwany(e) token(y) poprzedzający(e) ";"
  Generowanie kodu...
