  Boss.cpp
C:\Users\VashaVindoV\Warehouse-System\Warehouse-System\Database.h(6,10): fatal error C1083: Nie można otworzyć pliku dołącz: 'sqlite3.h': No such file or directory
  Client.cpp
C:\Users\VashaVindoV\Warehouse-System\Warehouse-System\Database.h(6,10): fatal error C1083: Nie można otworzyć pliku dołącz: 'sqlite3.h': No such file or directory
  Database.cpp
C:\Users\VashaVindoV\Warehouse-System\Warehouse-System\Database.h(6,10): fatal error C1083: Nie można otworzyć pliku dołącz: 'sqlite3.h': No such file or directory
  Driver.cpp
C:\Users\VashaVindoV\Warehouse-System\Warehouse-System\Database.h(6,10): fatal error C1083: Nie można otworzyć pliku dołącz: 'sqlite3.h': No such file or directory
  Employee.cpp
C:\Users\VashaVindoV\Warehouse-System\Warehouse-System\Database.h(6,10): fatal error C1083: Nie można otworzyć pliku dołącz: 'sqlite3.h': No such file or directory
  MagazineWorker.cpp
C:\Users\VashaVindoV\Warehouse-System\Warehouse-System\Database.h(6,10): fatal error C1083: Nie można otworzyć pliku dołącz: 'sqlite3.h': No such file or directory
  main.cpp
C:\Users\VashaVindoV\Warehouse-System\Warehouse-System\Database.h(6,10): fatal error C1083: Nie można otworzyć pliku dołącz: 'sqlite3.h': No such file or directory
  Messenger.cpp
C:\Users\VashaVindoV\Warehouse-System\Warehouse-System\Database.h(6,10): fatal error C1083: Nie można otworzyć pliku dołącz: 'sqlite3.h': No such file or directory
  OrderCreationInterface.cpp
C:\Users\VashaVindoV\Warehouse-System\Warehouse-System\Database.h(6,10): fatal error C1083: Nie można otworzyć pliku dołącz: 'sqlite3.h': No such file or directory
  OrdersControlSystem.cpp
C:\Users\VashaVindoV\Warehouse-System\Warehouse-System\Database.h(6,10): fatal error C1083: Nie można otworzyć pliku dołącz: 'sqlite3.h': No such file or directory
  Person.cpp
C:\Users\VashaVindoV\Warehouse-System\Warehouse-System\Database.h(6,10): fatal error C1083: Nie można otworzyć pliku dołącz: 'sqlite3.h': No such file or directory
  Receipt.cpp
C:\Users\VashaVindoV\Warehouse-System\Warehouse-System\Database.h(6,10): fatal error C1083: Nie można otworzyć pliku dołącz: 'sqlite3.h': No such file or directory
  Seller.cpp
C:\Users\VashaVindoV\Warehouse-System\Warehouse-System\Database.h(6,10): fatal error C1083: Nie można otworzyć pliku dołącz: 'sqlite3.h': No such file or directory
  Generowanie kodu...
